---------------------------------------------------------------
[ 2025-04-23T08:44:02+08:00 ] 127.0.0.1 GET 127.0.0.1/
[运行时间：0.018780s] [吞吐率：53.25req/s] [内存消耗：160.30kb] [文件加载：86]
[ info ] [ BEHAVIOR ] Run Closure @app_init [ RunTime:0.000059s ]
[ info ] [ CACHE ] INIT File
[ info ] [ BEHAVIOR ] Run \addons\qrcode\Qrcode @app_init [ RunTime:0.000418s ]
[ info ] [ BEHAVIOR ] Run Closure @app_init [ RunTime:0.000469s ]
[ info ] [ BEHAVIOR ] Run app\common\behavior\Common @app_init [ RunTime:0.000161s ]
[ info ] [ LANG ] /Volumes/Data/Program/PHP/battery/thinkphp/lang/zh-cn.php
[ info ] [ BEHAVIOR ] Run app\common\behavior\Common @app_dispatch [ RunTime:0.000026s ]
[ info ] [ ROUTE ] array (
  'type' => 'module',
  'module' => 
  array (
    0 => '',
    1 => NULL,
    2 => NULL,
  ),
)
[ info ] [ HEADER ] array (
  'accept-language' => 'zh-CN,zh;q=0.9,vi-VN;q=0.8,vi;q=0.7',
  'accept-encoding' => 'gzip, deflate, br, zstd',
  'sec-fetch-dest' => 'document',
  'sec-fetch-user' => '?1',
  'sec-fetch-mode' => 'navigate',
  'sec-fetch-site' => 'none',
  'accept' => 'text/html,application/xhtml+xml,application/xml;q=0.9,image/avif,image/webp,image/apng,*/*;q=0.8,application/signed-exchange;v=b3;q=0.7',
  'user-agent' => 'Mozilla/5.0 (Macintosh; Intel Mac OS X 10_15_7) AppleWebKit/537.36 (KHTML, like Gecko) Chrome/135.0.0.0 Safari/537.36',
  'upgrade-insecure-requests' => '1',
  'sec-ch-ua-platform' => '"macOS"',
  'sec-ch-ua-mobile' => '?0',
  'sec-ch-ua' => '"Google Chrome";v="135", "Not-A.Brand";v="8", "Chromium";v="135"',
  'connection' => 'keep-alive',
  'host' => '127.0.0.1',
  'content-length' => '',
  'content-type' => '',
)
[ info ] [ PARAM ] array (
)
[ info ] [ LANG ] /Volumes/Data/Program/PHP/battery/addons//department/lang/zh-cn/zh-cn.php
[ info ] [ BEHAVIOR ] Run \addons\department\Department @app_begin [ RunTime:0.000126s ]
[ info ] [ LANG ] /Volumes/Data/Program/PHP/battery/public/../application/index/lang/zh-cn.php
[ info ] [ BEHAVIOR ] Run app\common\behavior\Common @module_init [ RunTime:0.000287s ]
[ info ] [ BEHAVIOR ] Run \addons\third\Third @module_init [ RunTime:0.000107s ]
[ info ] [ BEHAVIOR ] Run \addons\third\Third @config_init [ RunTime:0.000246s ]
[ info ] [ BEHAVIOR ] Run \addons\umeditor\Umeditor @config_init [ RunTime:0.000106s ]
[ info ] [ LANG ] /Volumes/Data/Program/PHP/battery/public/../application/index/lang/zh-cn/index.php
[ info ] [ BEHAVIOR ] Run \addons\epay\Epay @action_begin [ RunTime:0.000806s ]
[ info ] [ BEHAVIOR ] Run \addons\third\Third @action_begin [ RunTime:0.000062s ]
[ info ] [ RUN ] app\index\controller\Index->index[ /Volumes/Data/Program/PHP/battery/application/index/controller/Index.php ]
[ info ] [ VIEW ] /Volumes/Data/Program/PHP/battery/public/../application/index/view/index/index.html [ array (
  0 => 'user',
  1 => 'site',
  2 => 'config',
) ]
[ info ] [ BEHAVIOR ] Run \addons\third\Third @view_filter [ RunTime:0.000061s ]
[ info ] [ LOG ] INIT File
