[ 2025-04-23T05:34:01+08:00 ][ info ] [ BEHAVIOR ] Run Closure @app_init [ RunTime:0.000056s ]
[ info ] [ LOG ] INIT File
info
[ 2025-04-23T05:34:01+08:00 ][ info ] [ CACHE ] INIT File
info
[ 2025-04-23T05:34:01+08:00 ][ info ] [ BEHAVIOR ] Run \addons\qrcode\Qrcode @app_init [ RunTime:0.001964s ]
info
[ 2025-04-23T05:34:01+08:00 ][ info ] [ BEHAVIOR ] Run Closure @app_init [ RunTime:0.002020s ]
info
[ 2025-04-23T05:34:01+08:00 ][ info ] [ BEHAVIOR ] Run app\common\behavior\Common @app_init [ RunTime:0.000197s ]
info
[ 2025-04-23T05:34:01+08:00 ][ info ] [ LANG ] /Volumes/Data/Program/PHP/battery/thinkphp/lang/zh-cn.php
info
[ 2025-04-23T05:34:01+08:00 ][ info ] [ BEHAVIOR ] Run app\common\behavior\Common @app_dispatch [ RunTime:0.000010s ]
info
[ 2025-04-23T05:34:01+08:00 ][ error ] [8192]strpos(): Passing null to parameter #1 ($haystack) of type string is deprecated[/Volumes/Data/Program/PHP/battery/thinkphp/library/think/Request.php:1389]
error
[ 2025-04-23T05:35:28+08:00 ][ info ] [ BEHAVIOR ] Run Closure @app_init [ RunTime:0.000062s ]
[ info ] [ LOG ] INIT File
info
[ 2025-04-23T05:35:28+08:00 ][ info ] [ CACHE ] INIT File
info
[ 2025-04-23T05:35:28+08:00 ][ info ] [ BEHAVIOR ] Run \addons\qrcode\Qrcode @app_init [ RunTime:0.001142s ]
info
[ 2025-04-23T05:35:28+08:00 ][ info ] [ BEHAVIOR ] Run Closure @app_init [ RunTime:0.001191s ]
info
[ 2025-04-23T05:35:28+08:00 ][ info ] [ BEHAVIOR ] Run app\common\behavior\Common @app_init [ RunTime:0.000186s ]
info
[ 2025-04-23T05:35:28+08:00 ][ info ] [ LANG ] /Volumes/Data/Program/PHP/battery/thinkphp/lang/zh-cn.php
info
[ 2025-04-23T05:35:28+08:00 ][ info ] [ BEHAVIOR ] Run app\common\behavior\Common @app_dispatch [ RunTime:0.000010s ]
info
[ 2025-04-23T05:35:28+08:00 ][ error ] [8192]strpos(): Passing null to parameter #1 ($haystack) of type string is deprecated[/Volumes/Data/Program/PHP/battery/thinkphp/library/think/Request.php:1389]
error
[ 2025-04-23T05:36:38+08:00 ][ info ] [ BEHAVIOR ] Run Closure @app_init [ RunTime:0.000051s ]
[ info ] [ LOG ] INIT File
info
[ 2025-04-23T05:36:38+08:00 ][ info ] [ CACHE ] INIT File
info
[ 2025-04-23T05:36:38+08:00 ][ info ] [ BEHAVIOR ] Run \addons\qrcode\Qrcode @app_init [ RunTime:0.001107s ]
info
[ 2025-04-23T05:36:38+08:00 ][ info ] [ BEHAVIOR ] Run Closure @app_init [ RunTime:0.001158s ]
info
[ 2025-04-23T05:36:38+08:00 ][ info ] [ BEHAVIOR ] Run app\common\behavior\Common @app_init [ RunTime:0.000231s ]
info
[ 2025-04-23T05:36:38+08:00 ][ info ] [ LANG ] /Volumes/Data/Program/PHP/battery/thinkphp/lang/zh-cn.php
info
[ 2025-04-23T05:36:38+08:00 ][ info ] [ BEHAVIOR ] Run app\common\behavior\Common @app_dispatch [ RunTime:0.000011s ]
info
[ 2025-04-23T05:36:38+08:00 ][ error ] [8192]strpos(): Passing null to parameter #1 ($haystack) of type string is deprecated[/Volumes/Data/Program/PHP/battery/thinkphp/library/think/Request.php:1389]
error
[ 2025-04-23T05:36:49+08:00 ][ info ] [ BEHAVIOR ] Run Closure @app_init [ RunTime:0.000057s ]
[ info ] [ LOG ] INIT File
info
[ 2025-04-23T05:36:49+08:00 ][ info ] [ CACHE ] INIT File
info
[ 2025-04-23T05:36:49+08:00 ][ info ] [ BEHAVIOR ] Run \addons\qrcode\Qrcode @app_init [ RunTime:0.001124s ]
info
[ 2025-04-23T05:36:49+08:00 ][ info ] [ BEHAVIOR ] Run Closure @app_init [ RunTime:0.001187s ]
info
[ 2025-04-23T05:36:49+08:00 ][ info ] [ BEHAVIOR ] Run app\common\behavior\Common @app_init [ RunTime:0.000222s ]
info
[ 2025-04-23T05:36:49+08:00 ][ info ] [ LANG ] /Volumes/Data/Program/PHP/battery/thinkphp/lang/zh-cn.php
info
[ 2025-04-23T05:36:49+08:00 ][ info ] [ BEHAVIOR ] Run app\common\behavior\Common @app_dispatch [ RunTime:0.000014s ]
info
[ 2025-04-23T05:36:49+08:00 ][ error ] [8192]strpos(): Passing null to parameter #1 ($haystack) of type string is deprecated[/Volumes/Data/Program/PHP/battery/thinkphp/library/think/Request.php:1389]
error
